<?xml version="1.0" encoding="UTF-8"?>
<testsuite xmlns:xsi="http://www.w3.org/2001/XMLSchema-instance" xsi:noNamespaceSchemaLocation="https://maven.apache.org/surefire/maven-surefire-plugin/xsd/surefire-test-report-3.0.xsd" version="3.0" name="com.ensea_java_final.Vector2DTest" time="0.008" tests="6" errors="0" skipped="0" failures="0">
  <properties>
[...]
</properties>
  <testcase name="subtract" classname="com.ensea_java_final.Vector2DTest" time="0.001"/>
  <testcase name="magnitude" classname="com.ensea_java_final.Vector2DTest" time="0.001"/>
  <testcase name="add" classname="com.ensea_java_final.Vector2DTest" time="0.001"/>
  <testcase name="scale" classname="com.ensea_java_final.Vector2DTest" time="0.001"/>
  <testcase name="normalize_zeroVector" classname="com.ensea_java_final.Vector2DTest" time="0.002"/>
  <testcase name="normalize_nonZero" classname="com.ensea_java_final.Vector2DTest" time="0.001"/>
</testsuite>